2025-04-05 12:38:34,612 - INFO - ==================================================
2025-04-05 12:38:34,612 - INFO - Starting BacDive merge process at 2025-04-05 12:38:34
2025-04-05 12:38:34,622 - INFO - Found 46 files in zip archive
2025-04-05 12:38:34,622 - INFO - Processing file 2/46: tsv/bacdive_16S.tsv
2025-04-05 12:38:34,662 - INFO - Processing file: tsv/bacdive_16S.tsv
2025-04-05 12:38:41,252 - INFO - File tsv/bacdive_16S.tsv has 10 columns
2025-04-05 12:38:41,513 - INFO - Processed 108378 rows from tsv/bacdive_16S.tsv
2025-04-05 12:38:41,555 - INFO - Processing file 3/46: tsv/bacdive_cellMorphology.tsv
2025-04-05 12:38:41,578 - INFO - Processing file: tsv/bacdive_cellMorphology.tsv
2025-04-05 12:38:49,582 - INFO - File tsv/bacdive_cellMorphology.tsv has 16 columns
2025-04-05 12:38:49,711 - WARNING - File tsv/bacdive_cellMorphology.tsv had 71945 malformed lines
2025-04-05 12:38:49,879 - INFO - Processed 79032 rows from tsv/bacdive_cellMorphology.tsv
2025-04-05 12:38:49,898 - INFO - Processing file 4/46: tsv/bacdive_cellMotility.tsv
2025-04-05 12:38:49,902 - INFO - Processing file: tsv/bacdive_cellMotility.tsv
2025-04-05 12:38:50,555 - INFO - File tsv/bacdive_cellMotility.tsv has 6 columns
2025-04-05 12:38:50,580 - INFO - Processed 17061 rows from tsv/bacdive_cellMotility.tsv
2025-04-05 12:38:50,582 - INFO - Processing file 5/46: tsv/bacdive_cellPigmentation.tsv
2025-04-05 12:38:50,583 - INFO - Processing file: tsv/bacdive_cellPigmentation.tsv
2025-04-05 12:38:50,707 - INFO - File tsv/bacdive_cellPigmentation.tsv has 7 columns
2025-04-05 12:38:50,713 - WARNING - File tsv/bacdive_cellPigmentation.tsv had 5058 malformed lines
2025-04-05 12:38:50,718 - INFO - Processed 5058 rows from tsv/bacdive_cellPigmentation.tsv
2025-04-05 12:38:50,719 - INFO - Processing file 6/46: tsv/bacdive_cellShape.tsv
2025-04-05 12:38:50,722 - INFO - Processing file: tsv/bacdive_cellShape.tsv
2025-04-05 12:38:51,361 - INFO - File tsv/bacdive_cellShape.tsv has 4 columns
2025-04-05 12:38:51,378 - INFO - Processed 17434 rows from tsv/bacdive_cellShape.tsv
2025-04-05 12:38:51,380 - INFO - Processing file 7/46: tsv/bacdive_cellSize.tsv
2025-04-05 12:38:51,388 - INFO - Processing file: tsv/bacdive_cellSize.tsv
2025-04-05 12:38:54,788 - INFO - File tsv/bacdive_cellSize.tsv has 13 columns
2025-04-05 12:38:54,840 - WARNING - File tsv/bacdive_cellSize.tsv had 36296 malformed lines
2025-04-05 12:38:54,904 - INFO - Processed 36296 rows from tsv/bacdive_cellSize.tsv
2025-04-05 12:38:54,912 - INFO - Processing file 8/46: tsv/bacdive_colonyMorphology.tsv
2025-04-05 12:38:54,945 - INFO - Processing file: tsv/bacdive_colonyMorphology.tsv
2025-04-05 12:39:11,189 - INFO - File tsv/bacdive_colonyMorphology.tsv has 15 columns
2025-04-05 12:39:11,286 - WARNING - File tsv/bacdive_colonyMorphology.tsv had 38254 malformed lines
2025-04-05 12:39:11,412 - INFO - Processed 57452 rows from tsv/bacdive_colonyMorphology.tsv
2025-04-05 12:39:11,432 - INFO - Processing file 9/46: tsv/bacdive_conceptualEntity.tsv
2025-04-05 12:39:11,548 - INFO - Processing file: tsv/bacdive_conceptualEntity.tsv
2025-04-05 12:40:02,622 - INFO - File tsv/bacdive_conceptualEntity.tsv has 14 columns
2025-04-05 12:40:03,440 - WARNING - File tsv/bacdive_conceptualEntity.tsv had 439706 malformed lines
2025-04-05 12:40:04,551 - INFO - Processed 500367 rows from tsv/bacdive_conceptualEntity.tsv
2025-04-05 12:40:04,708 - INFO - Processing file 10/46: tsv/bacdive_cultureCollection.tsv
2025-04-05 12:40:04,752 - INFO - Processing file: tsv/bacdive_cultureCollection.tsv
2025-04-05 12:40:21,376 - INFO - File tsv/bacdive_cultureCollection.tsv has 5 columns
2025-04-05 12:40:21,582 - WARNING - File tsv/bacdive_cultureCollection.tsv had 26186 malformed lines
2025-04-05 12:40:21,728 - INFO - Processed 149377 rows from tsv/bacdive_cultureCollection.tsv
2025-04-05 12:40:21,763 - INFO - Processing file 11/46: tsv/bacdive_cultureCondition.tsv
2025-04-05 12:40:21,867 - INFO - Processing file: tsv/bacdive_cultureCondition.tsv
2025-04-05 12:41:12,915 - INFO - File tsv/bacdive_cultureCondition.tsv has 14 columns
2025-04-05 12:41:13,804 - WARNING - File tsv/bacdive_cultureCondition.tsv had 435831 malformed lines
2025-04-05 12:41:14,970 - INFO - Processed 496492 rows from tsv/bacdive_cultureCondition.tsv
2025-04-05 12:41:15,131 - INFO - Processing file 12/46: tsv/bacdive_cultureMedium.tsv
2025-04-05 12:41:15,156 - INFO - Processing file: tsv/bacdive_cultureMedium.tsv
2025-04-05 12:41:24,939 - INFO - File tsv/bacdive_cultureMedium.tsv has 9 columns
2025-04-05 12:41:25,080 - WARNING - File tsv/bacdive_cultureMedium.tsv had 16362 malformed lines
2025-04-05 12:41:25,209 - INFO - Processed 77023 rows from tsv/bacdive_cultureMedium.tsv
2025-04-05 12:41:25,236 - INFO - Processing file 13/46: tsv/bacdive_culturePH.tsv
2025-04-05 12:41:25,247 - INFO - Processing file: tsv/bacdive_culturePH.tsv
2025-04-05 12:41:27,593 - INFO - File tsv/bacdive_culturePH.tsv has 10 columns
2025-04-05 12:41:27,665 - WARNING - File tsv/bacdive_culturePH.tsv had 29384 malformed lines
2025-04-05 12:41:27,775 - INFO - Processed 50727 rows from tsv/bacdive_culturePH.tsv
2025-04-05 12:41:27,794 - INFO - Processing file 14/46: tsv/bacdive_cultureTemperature.tsv
2025-04-05 12:41:27,870 - INFO - Processing file: tsv/bacdive_cultureTemperature.tsv
2025-04-05 12:41:45,863 - INFO - File tsv/bacdive_cultureTemperature.tsv has 11 columns
2025-04-05 12:41:47,116 - INFO - Processed 368742 rows from tsv/bacdive_cultureTemperature.tsv
2025-04-05 12:41:47,256 - INFO - Processing file 15/46: tsv/bacdive_DNASequence.tsv
2025-04-05 12:41:47,277 - INFO - Processing file: tsv/bacdive_DNASequence.tsv
2025-04-05 12:41:49,916 - INFO - File tsv/bacdive_DNASequence.tsv has 9 columns
2025-04-05 12:41:49,993 - WARNING - File tsv/bacdive_DNASequence.tsv had 273 malformed lines
2025-04-05 12:41:50,079 - INFO - Processed 50588 rows from tsv/bacdive_DNASequence.tsv
2025-04-05 12:41:50,093 - INFO - Processing file 16/46: tsv/bacdive_enrichmentProcedure.tsv
2025-04-05 12:41:50,094 - INFO - Processing file: tsv/bacdive_enrichmentProcedure.tsv
2025-04-05 12:41:50,194 - INFO - File tsv/bacdive_enrichmentProcedure.tsv has 3 columns
2025-04-05 12:41:50,197 - INFO - Processed 1702 rows from tsv/bacdive_enrichmentProcedure.tsv
2025-04-05 12:41:50,197 - INFO - Processing file 17/46: tsv/bacdive_enzyme.tsv
2025-04-05 12:41:50,304 - INFO - Processing file: tsv/bacdive_enzyme.tsv
2025-04-05 12:42:42,346 - INFO - File tsv/bacdive_enzyme.tsv has 7 columns
2025-04-05 12:42:43,129 - WARNING - File tsv/bacdive_enzyme.tsv had 140902 malformed lines
2025-04-05 12:42:43,873 - INFO - Processed 573112 rows from tsv/bacdive_enzyme.tsv
2025-04-05 12:42:44,013 - INFO - Processing file 18/46: tsv/bacdive_GCcontent.tsv
2025-04-05 12:42:44,020 - INFO - Processing file: tsv/bacdive_GCcontent.tsv
2025-04-05 12:42:45,304 - INFO - File tsv/bacdive_GCcontent.tsv has 8 columns
2025-04-05 12:42:45,368 - WARNING - File tsv/bacdive_GCcontent.tsv had 22527 malformed lines
2025-04-05 12:42:45,404 - INFO - Processed 22527 rows from tsv/bacdive_GCcontent.tsv
2025-04-05 12:42:45,410 - INFO - Processing file 19/46: tsv/bacdive_geneProduct.tsv
2025-04-05 12:42:45,516 - INFO - Processing file: tsv/bacdive_geneProduct.tsv
2025-04-05 12:43:37,554 - INFO - File tsv/bacdive_geneProduct.tsv has 7 columns
2025-04-05 12:43:38,333 - WARNING - File tsv/bacdive_geneProduct.tsv had 140902 malformed lines
2025-04-05 12:43:39,103 - INFO - Processed 573112 rows from tsv/bacdive_geneProduct.tsv
2025-04-05 12:43:39,251 - INFO - Processing file 20/46: tsv/bacdive_genomeSequence.tsv
2025-04-05 12:43:39,273 - INFO - Processing file: tsv/bacdive_genomeSequence.tsv
2025-04-05 12:43:41,940 - INFO - File tsv/bacdive_genomeSequence.tsv has 9 columns
2025-04-05 12:43:42,028 - WARNING - File tsv/bacdive_genomeSequence.tsv had 273 malformed lines
2025-04-05 12:43:42,120 - INFO - Processed 50588 rows from tsv/bacdive_genomeSequence.tsv
2025-04-05 12:43:42,137 - INFO - Processing file 21/46: tsv/bacdive_gramStain.tsv
2025-04-05 12:43:42,143 - INFO - Processing file: tsv/bacdive_gramStain.tsv
2025-04-05 12:43:43,284 - INFO - File tsv/bacdive_gramStain.tsv has 6 columns
2025-04-05 12:43:43,337 - INFO - Processed 18215 rows from tsv/bacdive_gramStain.tsv
2025-04-05 12:43:43,342 - INFO - Processing file 22/46: tsv/bacdive_identifier.tsv
2025-04-05 12:43:43,402 - INFO - Processing file: tsv/bacdive_identifier.tsv
2025-04-05 12:44:07,868 - INFO - File tsv/bacdive_identifier.tsv has 5 columns
2025-04-05 12:44:08,176 - WARNING - File tsv/bacdive_identifier.tsv had 114062 malformed lines
2025-04-05 12:44:08,446 - INFO - Processed 237253 rows from tsv/bacdive_identifier.tsv
2025-04-05 12:44:08,504 - INFO - Processing file 23/46: tsv/bacdive_isolationInformation.tsv
2025-04-05 12:44:08,520 - INFO - Processing file: tsv/bacdive_isolationInformation.tsv
2025-04-05 12:44:13,114 - INFO - File tsv/bacdive_isolationInformation.tsv has 3 columns
2025-04-05 12:44:13,240 - INFO - Processed 74640 rows from tsv/bacdive_isolationInformation.tsv
2025-04-05 12:44:13,256 - INFO - Processing file 24/46: tsv/bacdive_isolationProcedure.tsv
2025-04-05 12:44:13,257 - INFO - Processing file: tsv/bacdive_isolationProcedure.tsv
2025-04-05 12:44:13,359 - INFO - File tsv/bacdive_isolationProcedure.tsv has 3 columns
2025-04-05 12:44:13,363 - INFO - Processed 1702 rows from tsv/bacdive_isolationProcedure.tsv
2025-04-05 12:44:13,363 - INFO - Processing file 25/46: tsv/bacdive_isolationSource.tsv
2025-04-05 12:44:13,377 - INFO - Processing file: tsv/bacdive_isolationSource.tsv
2025-04-05 12:44:17,870 - INFO - File tsv/bacdive_isolationSource.tsv has 3 columns
2025-04-05 12:44:17,972 - INFO - Processed 72938 rows from tsv/bacdive_isolationSource.tsv
2025-04-05 12:44:17,986 - INFO - Processing file 26/46: tsv/bacdive_locationOfOrigin.tsv
2025-04-05 12:44:18,010 - INFO - Processing file: tsv/bacdive_locationOfOrigin.tsv
2025-04-05 12:44:26,942 - INFO - File tsv/bacdive_locationOfOrigin.tsv has 5 columns
2025-04-05 12:44:27,060 - WARNING - File tsv/bacdive_locationOfOrigin.tsv had 1084 malformed lines
2025-04-05 12:44:27,192 - INFO - Processed 124867 rows from tsv/bacdive_locationOfOrigin.tsv
2025-04-05 12:44:27,224 - INFO - Processing file 27/46: tsv/bacdive_metabolicPhenotype.tsv
2025-04-05 12:44:27,268 - INFO - Processing file: tsv/bacdive_metabolicPhenotype.tsv
2025-04-05 12:44:37,623 - INFO - File tsv/bacdive_metabolicPhenotype.tsv has 13 columns
2025-04-05 12:44:37,889 - WARNING - File tsv/bacdive_metabolicPhenotype.tsv had 31176 malformed lines
2025-04-05 12:44:38,351 - INFO - Processed 221878 rows from tsv/bacdive_metabolicPhenotype.tsv
2025-04-05 12:44:38,425 - INFO - Processing file 28/46: tsv/bacdive_microbialPhenotype.tsv
2025-04-05 12:44:38,459 - INFO - Processing file: tsv/bacdive_microbialPhenotype.tsv
2025-04-05 12:44:53,438 - INFO - File tsv/bacdive_microbialPhenotype.tsv has 13 columns
2025-04-05 12:44:53,644 - WARNING - File tsv/bacdive_microbialPhenotype.tsv had 115505 malformed lines
2025-04-05 12:44:53,917 - INFO - Processed 154756 rows from tsv/bacdive_microbialPhenotype.tsv
2025-04-05 12:44:53,954 - INFO - Processing file 29/46: tsv/bacdive_molecularProperty.tsv
2025-04-05 12:44:53,958 - INFO - Processing file: tsv/bacdive_molecularProperty.tsv
2025-04-05 12:44:55,253 - INFO - File tsv/bacdive_molecularProperty.tsv has 8 columns
2025-04-05 12:44:55,288 - WARNING - File tsv/bacdive_molecularProperty.tsv had 22527 malformed lines
2025-04-05 12:44:55,314 - INFO - Processed 22527 rows from tsv/bacdive_molecularProperty.tsv
2025-04-05 12:44:55,319 - INFO - Processing file 30/46: tsv/bacdive_nucleotideSequence.tsv
2025-04-05 12:44:55,352 - INFO - Processing file: tsv/bacdive_nucleotideSequence.tsv
2025-04-05 12:45:00,196 - INFO - File tsv/bacdive_nucleotideSequence.tsv has 10 columns
2025-04-05 12:45:00,310 - WARNING - File tsv/bacdive_nucleotideSequence.tsv had 51581 malformed lines
2025-04-05 12:45:00,440 - INFO - Processed 87045 rows from tsv/bacdive_nucleotideSequence.tsv
2025-04-05 12:45:00,463 - INFO - Processing file 31/46: tsv/bacdive_nutritionType.tsv
2025-04-05 12:45:00,464 - INFO - Processing file: tsv/bacdive_nutritionType.tsv
2025-04-05 12:45:00,483 - INFO - File tsv/bacdive_nutritionType.tsv has 4 columns
2025-04-05 12:45:00,484 - WARNING - File tsv/bacdive_nutritionType.tsv had 526 malformed lines
2025-04-05 12:45:00,486 - INFO - Processed 526 rows from tsv/bacdive_nutritionType.tsv
2025-04-05 12:45:00,487 - INFO - Processing file 32/46: tsv/bacdive_organismIdentifier.tsv
2025-04-05 12:45:00,546 - INFO - Processing file: tsv/bacdive_organismIdentifier.tsv
2025-04-05 12:45:24,723 - INFO - File tsv/bacdive_organismIdentifier.tsv has 5 columns
2025-04-05 12:45:25,023 - WARNING - File tsv/bacdive_organismIdentifier.tsv had 114062 malformed lines
2025-04-05 12:45:25,237 - INFO - Processed 237253 rows from tsv/bacdive_organismIdentifier.tsv
2025-04-05 12:45:25,282 - INFO - Processing file 33/46: tsv/bacdive_origin.tsv
2025-04-05 12:45:25,321 - INFO - Processing file: tsv/bacdive_origin.tsv
2025-04-05 12:45:39,454 - INFO - File tsv/bacdive_origin.tsv has 5 columns
2025-04-05 12:45:39,627 - WARNING - File tsv/bacdive_origin.tsv had 75724 malformed lines
2025-04-05 12:45:39,807 - INFO - Processed 199507 rows from tsv/bacdive_origin.tsv
2025-04-05 12:45:39,843 - INFO - Processing file 34/46: tsv/bacdive_oxygenTolerance.tsv
2025-04-05 12:45:39,848 - INFO - Processing file: tsv/bacdive_oxygenTolerance.tsv
2025-04-05 12:45:40,732 - INFO - File tsv/bacdive_oxygenTolerance.tsv has 4 columns
2025-04-05 12:45:40,803 - INFO - Processed 29051 rows from tsv/bacdive_oxygenTolerance.tsv
2025-04-05 12:45:40,808 - INFO - Processing file 35/46: tsv/bacdive_pathogenicity.tsv
2025-04-05 12:45:40,810 - INFO - Processing file: tsv/bacdive_pathogenicity.tsv
2025-04-05 12:45:41,093 - INFO - File tsv/bacdive_pathogenicity.tsv has 7 columns
2025-04-05 12:45:41,109 - INFO - Processed 6422 rows from tsv/bacdive_pathogenicity.tsv
2025-04-05 12:45:41,110 - INFO - Processing file 36/46: tsv/bacdive_phenotype.tsv
2025-04-05 12:45:41,184 - INFO - Processing file: tsv/bacdive_phenotype.tsv
2025-04-05 12:46:16,802 - INFO - File tsv/bacdive_phenotype.tsv has 17 columns
2025-04-05 12:46:17,286 - WARNING - File tsv/bacdive_phenotype.tsv had 150513 malformed lines
2025-04-05 12:46:18,124 - INFO - Processed 341215 rows from tsv/bacdive_phenotype.tsv
2025-04-05 12:46:18,224 - INFO - Processing file 37/46: tsv/bacdive_propertyOrAttribute.tsv
2025-04-05 12:46:18,229 - INFO - Processing file: tsv/bacdive_propertyOrAttribute.tsv
2025-04-05 12:46:19,538 - INFO - File tsv/bacdive_propertyOrAttribute.tsv has 8 columns
2025-04-05 12:46:19,589 - WARNING - File tsv/bacdive_propertyOrAttribute.tsv had 22527 malformed lines
2025-04-05 12:46:19,616 - INFO - Processed 22527 rows from tsv/bacdive_propertyOrAttribute.tsv
2025-04-05 12:46:19,620 - INFO - Processing file 38/46: tsv/bacdive_protein.tsv
2025-04-05 12:46:19,727 - INFO - Processing file: tsv/bacdive_protein.tsv
2025-04-05 12:47:14,171 - INFO - File tsv/bacdive_protein.tsv has 7 columns
2025-04-05 12:47:14,952 - WARNING - File tsv/bacdive_protein.tsv had 140902 malformed lines
2025-04-05 12:47:15,677 - INFO - Processed 573112 rows from tsv/bacdive_protein.tsv
2025-04-05 12:47:15,808 - INFO - Processing file 39/46: tsv/bacdive_reference.tsv
2025-04-05 12:47:15,874 - INFO - Processing file: tsv/bacdive_reference.tsv
2025-04-05 12:47:47,527 - INFO - File tsv/bacdive_reference.tsv has 10 columns
2025-04-05 12:47:47,907 - WARNING - File tsv/bacdive_reference.tsv had 136679 malformed lines
2025-04-05 12:47:48,332 - ERROR - Skipping tsv/bacdive_reference.tsv: No 'strain' column found
2025-04-05 12:47:48,390 - INFO - Processing file 40/46: tsv/bacdive_riskAssessment.tsv
2025-04-05 12:47:48,402 - INFO - Processing file: tsv/bacdive_riskAssessment.tsv
2025-04-05 12:47:50,092 - INFO - File tsv/bacdive_riskAssessment.tsv has 6 columns
2025-04-05 12:47:50,173 - WARNING - File tsv/bacdive_riskAssessment.tsv had 144 malformed lines
2025-04-05 12:47:50,223 - INFO - Processed 36336 rows from tsv/bacdive_riskAssessment.tsv
2025-04-05 12:47:50,232 - INFO - Processing file 41/46: tsv/bacdive_RNASequence.tsv
2025-04-05 12:47:50,268 - INFO - Processing file: tsv/bacdive_RNASequence.tsv
2025-04-05 12:47:57,077 - INFO - File tsv/bacdive_RNASequence.tsv has 10 columns
2025-04-05 12:47:57,446 - INFO - Processed 108378 rows from tsv/bacdive_RNASequence.tsv
2025-04-05 12:47:57,491 - INFO - Processing file 42/46: tsv/bacdive_saltTolerance.tsv
2025-04-05 12:47:57,530 - INFO - Processing file: tsv/bacdive_saltTolerance.tsv
2025-04-05 12:48:06,664 - INFO - File tsv/bacdive_saltTolerance.tsv has 12 columns
2025-04-05 12:48:06,898 - WARNING - File tsv/bacdive_saltTolerance.tsv had 1599 malformed lines
2025-04-05 12:48:07,330 - INFO - Processed 192301 rows from tsv/bacdive_saltTolerance.tsv
2025-04-05 12:48:07,402 - INFO - Processing file 43/46: tsv/bacdive_sporeFormation.tsv
2025-04-05 12:48:07,405 - INFO - Processing file: tsv/bacdive_sporeFormation.tsv
2025-04-05 12:48:07,954 - INFO - File tsv/bacdive_sporeFormation.tsv has 7 columns
2025-04-05 12:48:07,983 - WARNING - File tsv/bacdive_sporeFormation.tsv had 5139 malformed lines
2025-04-05 12:48:07,994 - INFO - Processed 5849 rows from tsv/bacdive_sporeFormation.tsv
2025-04-05 12:48:07,996 - INFO - Processing file 44/46: tsv/bacdive_strain.tsv
2025-04-05 12:48:08,265 - INFO - Processing file: tsv/bacdive_strain.tsv
2025-04-05 12:50:14,614 - INFO - File tsv/bacdive_strain.tsv has 20 columns
2025-04-05 12:50:15,971 - WARNING - File tsv/bacdive_strain.tsv had 247440 malformed lines
2025-04-05 12:50:18,493 - INFO - Processed 525268 rows from tsv/bacdive_strain.tsv
2025-04-05 12:50:18,831 - INFO - Processing file 45/46: tsv/bacdive_strainDesignation.tsv
2025-04-05 12:50:18,855 - INFO - Processing file: tsv/bacdive_strainDesignation.tsv
2025-04-05 12:50:26,153 - INFO - File tsv/bacdive_strainDesignation.tsv has 4 columns
2025-04-05 12:50:26,366 - INFO - Processed 87876 rows from tsv/bacdive_strainDesignation.tsv
2025-04-05 12:50:26,384 - INFO - Processing file 46/46: tsv/bacdive_strainNumber.tsv
2025-04-05 12:50:26,448 - INFO - Processing file: tsv/bacdive_strainNumber.tsv
2025-04-05 12:50:50,470 - INFO - File tsv/bacdive_strainNumber.tsv has 5 columns
2025-04-05 12:50:50,786 - WARNING - File tsv/bacdive_strainNumber.tsv had 114062 malformed lines
2025-04-05 12:50:51,043 - INFO - Processed 237253 rows from tsv/bacdive_strainNumber.tsv
2025-04-05 12:50:51,101 - INFO - Starting merge process...
2025-04-05 12:50:51,105 - ERROR - Merge failed: Reindexing only valid with uniquely valued Index objects
2025-04-05 12:50:51,105 - ERROR - Merge process failed, no output generated
2025-04-05 12:50:51,105 - INFO - Process completed at 2025-04-05 12:50:51
2025-04-05 12:50:51,106 - INFO - ==================================================
2025-04-05 13:01:09,513 - INFO - ==================================================
2025-04-05 13:01:09,513 - INFO - Starting merge process at 2025-04-05 13:01:09
2025-04-05 13:01:09,514 - INFO - Found 45 TSV files
2025-04-05 13:01:09,514 - INFO - Processing file 1/45: tsv/bacdive_16S.tsv
2025-04-05 13:01:54,000 - INFO - Processed tsv/bacdive_16S.tsv with 25172 unique strains
2025-04-05 13:01:54,005 - INFO - Processing file 2/45: tsv/bacdive_cellMorphology.tsv
2025-04-05 13:02:40,066 - INFO - Processed tsv/bacdive_cellMorphology.tsv with 15768 unique strains
2025-04-05 13:02:40,069 - INFO - Processing file 3/45: tsv/bacdive_cellMotility.tsv
2025-04-05 13:02:51,705 - INFO - Processed tsv/bacdive_cellMotility.tsv with 14060 unique strains
2025-04-05 13:02:51,706 - INFO - Processing file 4/45: tsv/bacdive_cellPigmentation.tsv
2025-04-05 13:02:55,926 - INFO - Processed tsv/bacdive_cellPigmentation.tsv with 4535 unique strains
2025-04-05 13:02:55,926 - INFO - Processing file 5/45: tsv/bacdive_cellShape.tsv
2025-04-05 13:03:03,595 - INFO - Processed tsv/bacdive_cellShape.tsv with 15188 unique strains
2025-04-05 13:03:03,595 - INFO - Processing file 6/45: tsv/bacdive_cellSize.tsv
2025-04-05 13:03:18,343 - INFO - Processed tsv/bacdive_cellSize.tsv with 6150 unique strains
2025-04-05 13:03:18,344 - INFO - Processing file 7/45: tsv/bacdive_colonyMorphology.tsv
2025-04-05 13:03:57,805 - INFO - Processed tsv/bacdive_colonyMorphology.tsv with 10569 unique strains
2025-04-05 13:03:57,808 - INFO - Processing file 8/45: tsv/bacdive_conceptualEntity.tsv
2025-04-05 13:06:29,899 - INFO - Processed tsv/bacdive_conceptualEntity.tsv with 49144 unique strains
2025-04-05 13:06:29,915 - INFO - Processing file 9/45: tsv/bacdive_cultureCollection.tsv
2025-04-05 13:07:27,175 - INFO - Processed tsv/bacdive_cultureCollection.tsv with 64707 unique strains
2025-04-05 13:07:27,181 - INFO - Processing file 10/45: tsv/bacdive_cultureCondition.tsv
2025-04-05 13:09:58,103 - INFO - Processed tsv/bacdive_cultureCondition.tsv with 48966 unique strains
2025-04-05 13:09:58,119 - INFO - Processing file 11/45: tsv/bacdive_cultureMedium.tsv
2025-04-05 13:10:49,367 - INFO - Processed tsv/bacdive_cultureMedium.tsv with 33495 unique strains
2025-04-05 13:10:49,369 - INFO - Processing file 12/45: tsv/bacdive_culturePH.tsv
2025-04-05 13:11:01,220 - INFO - Processed tsv/bacdive_culturePH.tsv with 6794 unique strains
2025-04-05 13:11:01,222 - INFO - Processing file 13/45: tsv/bacdive_cultureTemperature.tsv
2025-04-05 13:12:35,073 - INFO - Processed tsv/bacdive_cultureTemperature.tsv with 48268 unique strains
2025-04-05 13:12:35,081 - INFO - Processing file 14/45: tsv/bacdive_DNASequence.tsv
2025-04-05 13:12:59,380 - INFO - Processed tsv/bacdive_DNASequence.tsv with 17607 unique strains
2025-04-05 13:12:59,382 - INFO - Processing file 15/45: tsv/bacdive_enrichmentProcedure.tsv
2025-04-05 13:13:00,015 - INFO - Processed tsv/bacdive_enrichmentProcedure.tsv with 1700 unique strains
2025-04-05 13:13:00,015 - INFO - Processing file 16/45: tsv/bacdive_enzyme.tsv
2025-04-05 13:14:21,082 - INFO - Processed tsv/bacdive_enzyme.tsv with 28822 unique strains
2025-04-05 13:14:21,100 - INFO - Processing file 17/45: tsv/bacdive_GCcontent.tsv
2025-04-05 13:14:39,026 - INFO - Processed tsv/bacdive_GCcontent.tsv with 15769 unique strains
2025-04-05 13:14:39,027 - INFO - Processing file 18/45: tsv/bacdive_geneProduct.tsv
2025-04-05 13:16:00,212 - INFO - Processed tsv/bacdive_geneProduct.tsv with 28822 unique strains
2025-04-05 13:16:00,232 - INFO - Processing file 19/45: tsv/bacdive_genomeSequence.tsv
2025-04-05 13:16:25,954 - INFO - Processed tsv/bacdive_genomeSequence.tsv with 17607 unique strains
2025-04-05 13:16:25,955 - INFO - Processing file 20/45: tsv/bacdive_gramStain.tsv
2025-04-05 13:16:29,046 - WARNING - Skipping tsv/bacdive_gramStain.tsv: No valid strain entries
2025-04-05 13:16:29,047 - INFO - Processing file 21/45: tsv/bacdive_identifier.tsv
2025-04-05 13:21:16,136 - INFO - ==================================================
2025-04-05 13:21:16,136 - INFO - Starting merge process at 2025-04-05 13:21:16
2025-04-05 13:21:16,137 - INFO - Found 45 TSV files
2025-04-05 13:21:16,137 - INFO - Processing file 1/45: tsv/bacdive_16S.tsv
2025-04-05 13:21:16,172 - INFO - Processing file: tsv/bacdive_16S.tsv
2025-04-05 13:21:16,665 - INFO - Processed 108378 valid rows from tsv/bacdive_16S.tsv
2025-04-05 13:21:16,680 - INFO - Processing file 2/45: tsv/bacdive_cellMorphology.tsv
2025-04-05 13:21:16,699 - INFO - Processing file: tsv/bacdive_cellMorphology.tsv
2025-04-05 13:21:17,042 - INFO - Processed 79032 valid rows from tsv/bacdive_cellMorphology.tsv
2025-04-05 13:21:17,050 - INFO - Processing file 3/45: tsv/bacdive_cellMotility.tsv
2025-04-05 13:21:17,054 - INFO - Processing file: tsv/bacdive_cellMotility.tsv
2025-04-05 13:21:17,101 - INFO - Processed 17061 valid rows from tsv/bacdive_cellMotility.tsv
2025-04-05 13:21:17,103 - INFO - Processing file 4/45: tsv/bacdive_cellPigmentation.tsv
2025-04-05 13:21:17,104 - INFO - Processing file: tsv/bacdive_cellPigmentation.tsv
2025-04-05 13:21:17,114 - INFO - Processed 5058 valid rows from tsv/bacdive_cellPigmentation.tsv
2025-04-05 13:21:17,115 - INFO - Processing file 5/45: tsv/bacdive_cellShape.tsv
2025-04-05 13:21:17,118 - INFO - Processing file: tsv/bacdive_cellShape.tsv
2025-04-05 13:21:17,157 - INFO - Processed 17434 valid rows from tsv/bacdive_cellShape.tsv
2025-04-05 13:21:17,159 - INFO - Processing file 6/45: tsv/bacdive_cellSize.tsv
2025-04-05 13:21:17,166 - INFO - Processing file: tsv/bacdive_cellSize.tsv
2025-04-05 13:21:17,300 - INFO - Processed 36296 valid rows from tsv/bacdive_cellSize.tsv
2025-04-05 13:21:17,304 - INFO - Processing file 7/45: tsv/bacdive_colonyMorphology.tsv
2025-04-05 13:21:17,336 - INFO - Processing file: tsv/bacdive_colonyMorphology.tsv
2025-04-05 13:21:17,371 - ERROR - Failed to process tsv/bacdive_colonyMorphology.tsv: new-line character seen in unquoted field - do you need to open the file with newline=''?
2025-04-05 13:21:17,378 - INFO - Processing file 8/45: tsv/bacdive_conceptualEntity.tsv
2025-04-05 13:21:17,483 - INFO - Processing file: tsv/bacdive_conceptualEntity.tsv
2025-04-05 13:21:17,840 - ERROR - Failed to process tsv/bacdive_conceptualEntity.tsv: new-line character seen in unquoted field - do you need to open the file with newline=''?
2025-04-05 13:21:17,876 - INFO - Processing file 9/45: tsv/bacdive_cultureCollection.tsv
2025-04-05 13:21:17,921 - INFO - Processing file: tsv/bacdive_cultureCollection.tsv
2025-04-05 13:21:18,429 - INFO - Processed 149377 valid rows from tsv/bacdive_cultureCollection.tsv
2025-04-05 13:21:18,447 - INFO - Processing file 10/45: tsv/bacdive_cultureCondition.tsv
2025-04-05 13:21:18,550 - INFO - Processing file: tsv/bacdive_cultureCondition.tsv
2025-04-05 13:21:18,907 - ERROR - Failed to process tsv/bacdive_cultureCondition.tsv: new-line character seen in unquoted field - do you need to open the file with newline=''?
2025-04-05 13:21:18,943 - INFO - Processing file 11/45: tsv/bacdive_cultureMedium.tsv
2025-04-05 13:21:18,968 - INFO - Processing file: tsv/bacdive_cultureMedium.tsv
2025-04-05 13:21:19,215 - ERROR - Failed to process tsv/bacdive_cultureMedium.tsv: new-line character seen in unquoted field - do you need to open the file with newline=''?
2025-04-05 13:21:19,231 - INFO - Processing file 12/45: tsv/bacdive_culturePH.tsv
2025-04-05 13:21:19,242 - INFO - Processing file: tsv/bacdive_culturePH.tsv
2025-04-05 13:21:19,423 - INFO - Processed 50727 valid rows from tsv/bacdive_culturePH.tsv
2025-04-05 13:21:19,430 - INFO - Processing file 13/45: tsv/bacdive_cultureTemperature.tsv
2025-04-05 13:21:19,505 - INFO - Processing file: tsv/bacdive_cultureTemperature.tsv
2025-04-05 13:21:21,147 - INFO - Processed 368742 valid rows from tsv/bacdive_cultureTemperature.tsv
2025-04-05 13:21:21,192 - INFO - Processing file 14/45: tsv/bacdive_DNASequence.tsv
2025-04-05 13:21:21,212 - INFO - Processing file: tsv/bacdive_DNASequence.tsv
2025-04-05 13:21:21,418 - INFO - Processed 50588 valid rows from tsv/bacdive_DNASequence.tsv
2025-04-05 13:21:21,426 - INFO - Processing file 15/45: tsv/bacdive_enrichmentProcedure.tsv
2025-04-05 13:21:21,427 - INFO - Processing file: tsv/bacdive_enrichmentProcedure.tsv
2025-04-05 13:21:21,431 - INFO - Processed 1702 valid rows from tsv/bacdive_enrichmentProcedure.tsv
2025-04-05 13:21:21,432 - INFO - Processing file 16/45: tsv/bacdive_enzyme.tsv
2025-04-05 13:21:21,536 - INFO - Processing file: tsv/bacdive_enzyme.tsv
2025-04-05 13:21:23,578 - INFO - Processed 573112 valid rows from tsv/bacdive_enzyme.tsv
2025-04-05 13:21:23,652 - INFO - Processing file 17/45: tsv/bacdive_GCcontent.tsv
2025-04-05 13:21:23,659 - INFO - Processing file: tsv/bacdive_GCcontent.tsv
2025-04-05 13:21:23,737 - INFO - Processed 22527 valid rows from tsv/bacdive_GCcontent.tsv
2025-04-05 13:21:23,740 - INFO - Processing file 18/45: tsv/bacdive_geneProduct.tsv
2025-04-05 13:21:23,845 - INFO - Processing file: tsv/bacdive_geneProduct.tsv
2025-04-05 13:21:25,879 - INFO - Processed 573112 valid rows from tsv/bacdive_geneProduct.tsv
2025-04-05 13:21:25,962 - INFO - Processing file 19/45: tsv/bacdive_genomeSequence.tsv
2025-04-05 13:21:25,983 - INFO - Processing file: tsv/bacdive_genomeSequence.tsv
2025-04-05 13:21:26,212 - INFO - Processed 50588 valid rows from tsv/bacdive_genomeSequence.tsv
2025-04-05 13:21:26,220 - INFO - Processing file 20/45: tsv/bacdive_gramStain.tsv
2025-04-05 13:21:26,226 - INFO - Processing file: tsv/bacdive_gramStain.tsv
2025-04-05 13:21:26,295 - INFO - Processed 18215 valid rows from tsv/bacdive_gramStain.tsv
2025-04-05 13:21:26,298 - INFO - Processing file 21/45: tsv/bacdive_identifier.tsv
2025-04-05 13:21:26,356 - INFO - Processing file: tsv/bacdive_identifier.tsv
2025-04-05 13:21:27,125 - INFO - Processed 237253 valid rows from tsv/bacdive_identifier.tsv
2025-04-05 13:21:27,168 - INFO - Processing file 22/45: tsv/bacdive_isolationInformation.tsv
2025-04-05 13:21:27,184 - INFO - Processing file: tsv/bacdive_isolationInformation.tsv
2025-04-05 13:21:27,281 - ERROR - Failed to process tsv/bacdive_isolationInformation.tsv: new-line character seen in unquoted field - do you need to open the file with newline=''?
2025-04-05 13:21:27,288 - INFO - Processing file 23/45: tsv/bacdive_isolationProcedure.tsv
2025-04-05 13:21:27,288 - INFO - Processing file: tsv/bacdive_isolationProcedure.tsv
2025-04-05 13:21:27,293 - INFO - Processed 1702 valid rows from tsv/bacdive_isolationProcedure.tsv
2025-04-05 13:21:27,293 - INFO - Processing file 24/45: tsv/bacdive_isolationSource.tsv
2025-04-05 13:21:27,307 - INFO - Processing file: tsv/bacdive_isolationSource.tsv
2025-04-05 13:21:27,390 - ERROR - Failed to process tsv/bacdive_isolationSource.tsv: new-line character seen in unquoted field - do you need to open the file with newline=''?
2025-04-05 13:21:27,396 - INFO - Processing file 25/45: tsv/bacdive_locationOfOrigin.tsv
2025-04-05 13:21:27,419 - INFO - Processing file: tsv/bacdive_locationOfOrigin.tsv
2025-04-05 13:21:27,796 - INFO - Processed 124867 valid rows from tsv/bacdive_locationOfOrigin.tsv
2025-04-05 13:21:27,820 - INFO - Processing file 26/45: tsv/bacdive_metabolicPhenotype.tsv
2025-04-05 13:21:27,864 - INFO - Processing file: tsv/bacdive_metabolicPhenotype.tsv
2025-04-05 13:21:28,885 - INFO - Processed 221878 valid rows from tsv/bacdive_metabolicPhenotype.tsv
2025-04-05 13:21:28,920 - INFO - Processing file 27/45: tsv/bacdive_microbialPhenotype.tsv
2025-04-05 13:21:28,955 - INFO - Processing file: tsv/bacdive_microbialPhenotype.tsv
2025-04-05 13:21:29,620 - INFO - Processed 154756 valid rows from tsv/bacdive_microbialPhenotype.tsv
2025-04-05 13:21:29,643 - INFO - Processing file 28/45: tsv/bacdive_molecularProperty.tsv
2025-04-05 13:21:29,648 - INFO - Processing file: tsv/bacdive_molecularProperty.tsv
2025-04-05 13:21:29,713 - INFO - Processed 22527 valid rows from tsv/bacdive_molecularProperty.tsv
2025-04-05 13:21:29,715 - INFO - Processing file 29/45: tsv/bacdive_nucleotideSequence.tsv
2025-04-05 13:21:29,747 - INFO - Processing file: tsv/bacdive_nucleotideSequence.tsv
2025-04-05 13:21:30,093 - INFO - Processed 87045 valid rows from tsv/bacdive_nucleotideSequence.tsv
2025-04-05 13:21:30,109 - INFO - Processing file 30/45: tsv/bacdive_nutritionType.tsv
2025-04-05 13:21:30,110 - INFO - Processing file: tsv/bacdive_nutritionType.tsv
2025-04-05 13:21:30,112 - INFO - Processed 526 valid rows from tsv/bacdive_nutritionType.tsv
2025-04-05 13:21:30,112 - INFO - Processing file 31/45: tsv/bacdive_organismIdentifier.tsv
2025-04-05 13:21:30,170 - INFO - Processing file: tsv/bacdive_organismIdentifier.tsv
2025-04-05 13:21:30,951 - INFO - Processed 237253 valid rows from tsv/bacdive_organismIdentifier.tsv
2025-04-05 13:21:30,983 - INFO - Processing file 32/45: tsv/bacdive_origin.tsv
2025-04-05 13:21:31,022 - INFO - Processing file: tsv/bacdive_origin.tsv
2025-04-05 13:21:31,137 - ERROR - Failed to process tsv/bacdive_origin.tsv: new-line character seen in unquoted field - do you need to open the file with newline=''?
2025-04-05 13:21:31,150 - INFO - Processing file 33/45: tsv/bacdive_oxygenTolerance.tsv
2025-04-05 13:21:31,155 - INFO - Processing file: tsv/bacdive_oxygenTolerance.tsv
2025-04-05 13:21:31,222 - INFO - Processed 29051 valid rows from tsv/bacdive_oxygenTolerance.tsv
2025-04-05 13:21:31,225 - INFO - Processing file 34/45: tsv/bacdive_pathogenicity.tsv
2025-04-05 13:21:31,226 - INFO - Processing file: tsv/bacdive_pathogenicity.tsv
2025-04-05 13:21:31,249 - INFO - Processed 6422 valid rows from tsv/bacdive_pathogenicity.tsv
2025-04-05 13:21:31,250 - INFO - Processing file 35/45: tsv/bacdive_phenotype.tsv
2025-04-05 13:21:31,324 - INFO - Processing file: tsv/bacdive_phenotype.tsv
2025-04-05 13:21:31,639 - ERROR - Failed to process tsv/bacdive_phenotype.tsv: new-line character seen in unquoted field - do you need to open the file with newline=''?
2025-04-05 13:21:31,668 - INFO - Processing file 36/45: tsv/bacdive_propertyOrAttribute.tsv
2025-04-05 13:21:31,673 - INFO - Processing file: tsv/bacdive_propertyOrAttribute.tsv
2025-04-05 13:21:31,729 - INFO - Processed 22527 valid rows from tsv/bacdive_propertyOrAttribute.tsv
2025-04-05 13:21:31,732 - INFO - Processing file 37/45: tsv/bacdive_protein.tsv
2025-04-05 13:21:31,841 - INFO - Processing file: tsv/bacdive_protein.tsv
2025-04-05 13:21:33,915 - INFO - Processed 573112 valid rows from tsv/bacdive_protein.tsv
2025-04-05 13:21:33,988 - INFO - Processing file 38/45: tsv/bacdive_reference.tsv
2025-04-05 13:21:34,053 - INFO - Processing file: tsv/bacdive_reference.tsv
2025-04-05 13:21:34,489 - ERROR - Failed to process tsv/bacdive_reference.tsv: new-line character seen in unquoted field - do you need to open the file with newline=''?
2025-04-05 13:21:34,527 - INFO - Processing file 39/45: tsv/bacdive_riskAssessment.tsv
2025-04-05 13:21:34,536 - INFO - Processing file: tsv/bacdive_riskAssessment.tsv
2025-04-05 13:21:34,648 - INFO - Processed 36336 valid rows from tsv/bacdive_riskAssessment.tsv
2025-04-05 13:21:34,653 - INFO - Processing file 40/45: tsv/bacdive_RNASequence.tsv
2025-04-05 13:21:34,688 - INFO - Processing file: tsv/bacdive_RNASequence.tsv
2025-04-05 13:21:35,213 - INFO - Processed 108378 valid rows from tsv/bacdive_RNASequence.tsv
2025-04-05 13:21:35,233 - INFO - Processing file 41/45: tsv/bacdive_saltTolerance.tsv
2025-04-05 13:21:35,272 - INFO - Processing file: tsv/bacdive_saltTolerance.tsv
2025-04-05 13:21:36,107 - INFO - Processed 192301 valid rows from tsv/bacdive_saltTolerance.tsv
2025-04-05 13:21:36,135 - INFO - Processing file 42/45: tsv/bacdive_sporeFormation.tsv
2025-04-05 13:21:36,138 - INFO - Processing file: tsv/bacdive_sporeFormation.tsv
2025-04-05 13:21:36,171 - INFO - Processed 5849 valid rows from tsv/bacdive_sporeFormation.tsv
2025-04-05 13:21:36,172 - INFO - Processing file 43/45: tsv/bacdive_strain.tsv
2025-04-05 13:21:36,428 - INFO - Processing file: tsv/bacdive_strain.tsv
2025-04-05 13:21:41,295 - INFO - Processed 525268 valid rows from tsv/bacdive_strain.tsv
2025-04-05 13:21:41,442 - INFO - Processing file 44/45: tsv/bacdive_strainDesignation.tsv
2025-04-05 13:21:41,468 - INFO - Processing file: tsv/bacdive_strainDesignation.tsv
2025-04-05 13:21:41,784 - INFO - Processed 87876 valid rows from tsv/bacdive_strainDesignation.tsv
2025-04-05 13:21:41,797 - INFO - Processing file 45/45: tsv/bacdive_strainNumber.tsv
2025-04-05 13:21:41,856 - INFO - Processing file: tsv/bacdive_strainNumber.tsv
2025-04-05 13:21:42,735 - INFO - Processed 237253 valid rows from tsv/bacdive_strainNumber.tsv
2025-04-05 13:21:42,777 - ERROR - Merge failed: Reindexing only valid with uniquely valued Index objects
2025-04-05 13:21:42,778 - ERROR - No data to save - merge failed
2025-04-05 13:21:42,778 - INFO - Process completed at 2025-04-05 13:21:42
2025-04-05 13:21:42,778 - INFO - ==================================================
2025-04-05 13:35:43,635 - INFO - ==================================================
2025-04-05 13:35:43,635 - INFO - Starting merge at 2025-04-05 13:35:43
2025-04-05 13:36:15,342 - WARNING - Skipping tsv/bacdive_reference.tsv: No strain column
2025-04-05 13:37:04,057 - ERROR - Merge failed at file 7: Unable to allocate 136. GiB for an array with shape (28, 653964568) and data type object
